[internal] Sat May 21 11:50:27 2022:
(:message "Running language server: /home/kevin/miniconda3/bin/pyright-langserver --stdio")
[client-request] (id:1) Sat May 21 11:50:27 2022:
(:jsonrpc "2.0" :id 1 :method "initialize" :params
	  (:processId 179195 :rootPath "/home/kevin/Desktop/" :rootUri "file:///home/kevin/Desktop" :initializationOptions #s(hash-table size 65 test eql rehash-size 1.5 rehash-threshold 0.8125 data
																	 ())
		      :capabilities
		      (:workspace
		       (:applyEdit t :executeCommand
				   (:dynamicRegistration :json-false)
				   :workspaceEdit
				   (:documentChanges t)
				   :didChangeWatchedFiles
				   (:dynamicRegistration t)
				   :symbol
				   (:dynamicRegistration :json-false)
				   :configuration t :workspaceFolders t)
		       :textDocument
		       (:synchronization
			(:dynamicRegistration :json-false :willSave t :willSaveWaitUntil t :didSave t)
			:completion
			(:dynamicRegistration :json-false :completionItem
					      (:snippetSupport :json-false :deprecatedSupport t :tagSupport
							       (:valueSet
								[1]))
					      :contextSupport t)
			:hover
			(:dynamicRegistration :json-false :contentFormat
					      ["plaintext"])
			:signatureHelp
			(:dynamicRegistration :json-false :signatureInformation
					      (:parameterInformation
					       (:labelOffsetSupport t)
					       :activeParameterSupport t))
			:references
			(:dynamicRegistration :json-false)
			:definition
			(:dynamicRegistration :json-false :linkSupport t)
			:declaration
			(:dynamicRegistration :json-false :linkSupport t)
			:implementation
			(:dynamicRegistration :json-false :linkSupport t)
			:typeDefinition
			(:dynamicRegistration :json-false :linkSupport t)
			:documentSymbol
			(:dynamicRegistration :json-false :hierarchicalDocumentSymbolSupport t :symbolKind
					      (:valueSet
					       [1 2 3 4 5 6 7 8 9 10 11 12 13 14 15 16 17 18 19 20 21 22 23 24 25 26]))
			:documentHighlight
			(:dynamicRegistration :json-false)
			:codeAction
			(:dynamicRegistration :json-false :codeActionLiteralSupport
					      (:codeActionKind
					       (:valueSet
						["quickfix" "refactor" "refactor.extract" "refactor.inline" "refactor.rewrite" "source" "source.organizeImports"]))
					      :isPreferredSupport t)
			:formatting
			(:dynamicRegistration :json-false)
			:rangeFormatting
			(:dynamicRegistration :json-false)
			:rename
			(:dynamicRegistration :json-false)
			:publishDiagnostics
			(:relatedInformation :json-false :codeDescriptionSupport :json-false :tagSupport
					     (:valueSet
					      [1 2])))
		       :experimental #s(hash-table size 65 test eql rehash-size 1.5 rehash-threshold 0.8125 data
						   ()))
		      :workspaceFolders
		      [(:uri "file:///home/kevin/Desktop" :name "~/Desktop/")]))
[server-notification] Sat May 21 11:50:33 2022:
(:jsonrpc "2.0" :method "window/logMessage" :params
	  (:type 3 :message "Pyright language server 1.1.247 starting"))
[server-notification] Sat May 21 11:50:33 2022:
(:jsonrpc "2.0" :method "window/logMessage" :params
	  (:type 3 :message "Server root directory: /tmp/pyright-python-langserver.kevin/node_modules/pyright/dist/"))
[server-reply] (id:1) Sat May 21 11:50:33 2022:
(:jsonrpc "2.0" :id 1 :result
	  (:capabilities
	   (:textDocumentSync 2 :definitionProvider
			      (:workDoneProgress t)
			      :declarationProvider
			      (:workDoneProgress t)
			      :typeDefinitionProvider
			      (:workDoneProgress t)
			      :referencesProvider
			      (:workDoneProgress t)
			      :documentSymbolProvider
			      (:workDoneProgress t)
			      :workspaceSymbolProvider
			      (:workDoneProgress t)
			      :hoverProvider
			      (:workDoneProgress t)
			      :documentHighlightProvider
			      (:workDoneProgress t)
			      :renameProvider
			      (:prepareProvider t :workDoneProgress t)
			      :completionProvider
			      (:triggerCharacters
			       ["." "["]
			       :resolveProvider t :workDoneProgress t)
			      :signatureHelpProvider
			      (:triggerCharacters
			       ["(" "," ")"]
			       :workDoneProgress t)
			      :codeActionProvider
			      (:codeActionKinds
			       ["quickfix" "source.organizeImports"]
			       :workDoneProgress t)
			      :executeCommandProvider
			      (:commands
			       []
			       :workDoneProgress t)
			      :callHierarchyProvider t)))
[client-notification] Sat May 21 11:50:33 2022:
(:jsonrpc "2.0" :method "initialized" :params #s(hash-table size 65 test eql rehash-size 1.5 rehash-threshold 0.8125 data
							    ()))
[client-notification] Sat May 21 11:50:33 2022:
(:jsonrpc "2.0" :method "textDocument/didOpen" :params
	  (:textDocument
	   (:uri "file:///home/kevin/Desktop/test.py" :version 0 :languageId "python" :text "from osgeo import gdal\nimport skimage.io as ski\nimport numpy as np\n\ndef test():\n    xx = np.array([1,2,3])\n\n    return xx\n\nif __name__ == '__main__':\n    ski.imread()\n    nn.Conv2d()\n    \n")))
[client-notification] Sat May 21 11:50:33 2022:
(:jsonrpc "2.0" :method "workspace/didChangeConfiguration" :params
	  (:settings #s(hash-table size 65 test eql rehash-size 1.5 rehash-threshold 0.8125 data
				   ())))
[server-request] (id:0) Sat May 21 11:50:33 2022:
(:jsonrpc "2.0" :id 0 :method "client/registerCapability" :params
	  (:registrations
	   [(:id "8c491347-4a6c-4bbf-a622-fd900d29f047" :method "workspace/didChangeWorkspaceFolders" :registerOptions nil)]))
[client-reply] (id:0) Sat May 21 11:50:33 2022:
(:jsonrpc "2.0" :id 0 :result nil)
[server-request] (id:1) Sat May 21 11:50:33 2022:
(:jsonrpc "2.0" :id 1 :method "client/registerCapability" :params
	  (:registrations
	   [(:id "5b315013-278a-4f32-a682-4a68d6bbcc3e" :method "workspace/didChangeWatchedFiles" :registerOptions
		 (:watchers
		  [(:globPattern "**/pyrightconfig.json" :kind 7)
		   (:globPattern "**" :kind 7)]))]))
[client-reply] (id:1) Sat May 21 11:50:33 2022:
(:jsonrpc "2.0" :id 1 :result nil)
[server-request] (id:2) Sat May 21 11:50:33 2022:
(:jsonrpc "2.0" :id 2 :method "workspace/configuration" :params
	  (:items
	   [(:scopeUri "file:///home/kevin/Desktop" :section "python")]))
[client-reply] (id:2) Sat May 21 11:50:33 2022:
(:jsonrpc "2.0" :id 2 :result
	  [nil])
[server-request] (id:3) Sat May 21 11:50:33 2022:
(:jsonrpc "2.0" :id 3 :method "client/registerCapability" :params
	  (:registrations
	   [(:id "7dc66b23-f94e-45c0-af8d-e63926ccca8e" :method "workspace/didChangeWatchedFiles" :registerOptions
		 (:watchers
		  [(:globPattern "**/pyrightconfig.json" :kind 7)
		   (:globPattern "**" :kind 7)]))]))
[client-reply] (id:3) Sat May 21 11:50:33 2022:
(:jsonrpc "2.0" :id 3 :result nil)
[server-request] (id:4) Sat May 21 11:50:33 2022:
(:jsonrpc "2.0" :id 4 :method "workspace/configuration" :params
	  (:items
	   [(:scopeUri "file:///home/kevin/Desktop" :section "python.analysis")]))
[client-reply] (id:4) Sat May 21 11:50:33 2022:
(:jsonrpc "2.0" :id 4 :result
	  [nil])
[server-request] (id:5) Sat May 21 11:50:33 2022:
(:jsonrpc "2.0" :id 5 :method "client/unregisterCapability" :params
	  (:unregisterations
	   [(:id "5b315013-278a-4f32-a682-4a68d6bbcc3e" :method "workspace/didChangeWatchedFiles")]))
[client-reply] (id:5) Sat May 21 11:50:33 2022:
(:jsonrpc "2.0" :id 5 :result nil)
[server-request] (id:6) Sat May 21 11:50:33 2022:
(:jsonrpc "2.0" :id 6 :method "workspace/configuration" :params
	  (:items
	   [(:scopeUri "file:///home/kevin/Desktop" :section "pyright")]))
[client-reply] (id:6) Sat May 21 11:50:33 2022:
(:jsonrpc "2.0" :id 6 :result
	  [nil])
[server-notification] Sat May 21 11:50:33 2022:
(:jsonrpc "2.0" :method "window/logMessage" :params
	  (:type 3 :message "No configuration file found."))
[server-notification] Sat May 21 11:50:33 2022:
(:jsonrpc "2.0" :method "window/logMessage" :params
	  (:type 3 :message "No pyproject.toml file found."))
[server-notification] Sat May 21 11:50:33 2022:
(:jsonrpc "2.0" :method "window/logMessage" :params
	  (:type 3 :message "Assuming Python platform Linux"))
[server-notification] Sat May 21 11:50:33 2022:
(:jsonrpc "2.0" :method "window/logMessage" :params
	  (:type 3 :message "Searching for source files"))
[server-notification] Sat May 21 11:50:33 2022:
(:jsonrpc "2.0" :method "window/logMessage" :params
	  (:type 3 :message "Found 173 source files"))
[client-request] (id:2) Sat May 21 11:50:34 2022:
(:jsonrpc "2.0" :id 2 :method "textDocument/signatureHelp" :params
	  (:textDocument
	   (:uri "file:///home/kevin/Desktop/test.py")
	   :position
	   (:line 6 :character 0)))
[client-request] (id:3) Sat May 21 11:50:34 2022:
(:jsonrpc "2.0" :id 3 :method "textDocument/hover" :params
	  (:textDocument
	   (:uri "file:///home/kevin/Desktop/test.py")
	   :position
	   (:line 6 :character 0)))
[client-request] (id:4) Sat May 21 11:50:34 2022:
(:jsonrpc "2.0" :id 4 :method "textDocument/documentHighlight" :params
	  (:textDocument
	   (:uri "file:///home/kevin/Desktop/test.py")
	   :position
	   (:line 6 :character 0)))
[server-notification] Sat May 21 11:50:34 2022:
(:jsonrpc "2.0" :method "textDocument/publishDiagnostics" :params
	  (:uri "file:///home/kevin/Desktop/test.py" :version 0 :diagnostics
		[(:range
		  (:start
		   (:line 10 :character 4)
		   :end
		   (:line 10 :character 16))
		  :message "Argument missing for parameter \"fname\"" :severity 1 :code "reportGeneralTypeIssues" :source "Pyright" :codeDescription
		  (:href "https://github.com/microsoft/pyright/blob/main/docs/configuration.md"))
		 (:range
		  (:start
		   (:line 11 :character 4)
		   :end
		   (:line 11 :character 6))
		  :message "\"nn\" is not defined" :severity 1 :code "reportUndefinedVariable" :source "Pyright" :codeDescription
		  (:href "https://github.com/microsoft/pyright/blob/main/docs/configuration.md"))
		 (:range
		  (:start
		   (:line 0 :character 18)
		   :end
		   (:line 0 :character 22))
		  :message "\"gdal\" is not accessed" :severity 4 :source "Pyright" :tags
		  [1])]))
[server-reply] (id:2) Sat May 21 11:50:34 2022:
(:jsonrpc "2.0" :id 2 :result nil)
[server-reply] (id:3) Sat May 21 11:50:34 2022:
(:jsonrpc "2.0" :id 3 :result nil)
[server-reply] (id:4) Sat May 21 11:50:34 2022:
(:jsonrpc "2.0" :id 4 :result nil)
[internal] (id:5) Sat May 21 11:50:35 2022:
(:deferring :textDocument/signatureHelp :id 5 :params
	    (:textDocument
	     (:uri "file:///home/kevin/Desktop/test.py")
	     :position
	     (:line 6 :character 0)))
[internal] (id:6) Sat May 21 11:50:35 2022:
(:deferring :textDocument/hover :id 6 :params
	    (:textDocument
	     (:uri "file:///home/kevin/Desktop/test.py")
	     :position
	     (:line 6 :character 0)))
[internal] (id:7) Sat May 21 11:50:35 2022:
(:deferring :textDocument/documentHighlight :id 7 :params
	    (:textDocument
	     (:uri "file:///home/kevin/Desktop/test.py")
	     :position
	     (:line 6 :character 0)))
[client-notification] Sat May 21 11:50:35 2022:
(:jsonrpc "2.0" :method "textDocument/didChange" :params
	  (:textDocument
	   (:uri "file:///home/kevin/Desktop/test.py" :version 1)
	   :contentChanges
	   [(:range
	     (:start
	      (:line 6 :character 0)
	      :end
	      (:line 7 :character 0))
	     :rangeLength 1 :text "")]))
[internal] Sat May 21 11:50:35 2022:
(:maybe-run-deferred
 (5 6 7))
[client-request] (id:5) Sat May 21 11:50:35 2022:
(:jsonrpc "2.0" :id 5 :method "textDocument/signatureHelp" :params
	  (:textDocument
	   (:uri "file:///home/kevin/Desktop/test.py")
	   :position
	   (:line 6 :character 0)))
[client-request] (id:6) Sat May 21 11:50:35 2022:
(:jsonrpc "2.0" :id 6 :method "textDocument/hover" :params
	  (:textDocument
	   (:uri "file:///home/kevin/Desktop/test.py")
	   :position
	   (:line 6 :character 0)))
[client-request] (id:7) Sat May 21 11:50:35 2022:
(:jsonrpc "2.0" :id 7 :method "textDocument/documentHighlight" :params
	  (:textDocument
	   (:uri "file:///home/kevin/Desktop/test.py")
	   :position
	   (:line 6 :character 0)))
[server-reply] (id:5) Sat May 21 11:50:35 2022:
(:jsonrpc "2.0" :id 5 :result nil)
[server-reply] (id:6) Sat May 21 11:50:35 2022:
(:jsonrpc "2.0" :id 6 :result nil)
[server-reply] (id:7) Sat May 21 11:50:35 2022:
(:jsonrpc "2.0" :id 7 :result nil)
[server-notification] Sat May 21 11:50:35 2022:
(:jsonrpc "2.0" :method "textDocument/publishDiagnostics" :params
	  (:uri "file:///home/kevin/Desktop/test.py" :version 1 :diagnostics
		[(:range
		  (:start
		   (:line 9 :character 4)
		   :end
		   (:line 9 :character 16))
		  :message "Argument missing for parameter \"fname\"" :severity 1 :code "reportGeneralTypeIssues" :source "Pyright" :codeDescription
		  (:href "https://github.com/microsoft/pyright/blob/main/docs/configuration.md"))
		 (:range
		  (:start
		   (:line 10 :character 4)
		   :end
		   (:line 10 :character 6))
		  :message "\"nn\" is not defined" :severity 1 :code "reportUndefinedVariable" :source "Pyright" :codeDescription
		  (:href "https://github.com/microsoft/pyright/blob/main/docs/configuration.md"))
		 (:range
		  (:start
		   (:line 0 :character 18)
		   :end
		   (:line 0 :character 22))
		  :message "\"gdal\" is not accessed" :severity 4 :source "Pyright" :tags
		  [1])]))
[client-notification] Sat May 21 11:50:36 2022:
(:jsonrpc "2.0" :method "textDocument/didChange" :params
	  (:textDocument
	   (:uri "file:///home/kevin/Desktop/test.py" :version 7)
	   :contentChanges
	   [(:range
	     (:start
	      (:line 5 :character 26)
	      :end
	      (:line 5 :character 26))
	     :rangeLength 0 :text "\n")
	    (:range
	     (:start
	      (:line 6 :character 0)
	      :end
	      (:line 6 :character 0))
	     :rangeLength 0 :text "    ")
	    (:range
	     (:start
	      (:line 6 :character 4)
	      :end
	      (:line 6 :character 4))
	     :rangeLength 0 :text "s")
	    (:range
	     (:start
	      (:line 6 :character 5)
	      :end
	      (:line 6 :character 5))
	     :rangeLength 0 :text "k")
	    (:range
	     (:start
	      (:line 6 :character 6)
	      :end
	      (:line 6 :character 6))
	     :rangeLength 0 :text "i")
	    (:range
	     (:start
	      (:line 6 :character 7)
	      :end
	      (:line 6 :character 7))
	     :rangeLength 0 :text ".")]))
[client-request] (id:8) Sat May 21 11:50:36 2022:
(:jsonrpc "2.0" :id 8 :method "textDocument/completion" :params
	  (:textDocument
	   (:uri "file:///home/kevin/Desktop/test.py")
	   :position
	   (:line 6 :character 8)
	   :context
	   (:triggerKind 2 :triggerCharacter ".")))
[server-reply] (id:8) Sat May 21 11:50:36 2022:
(:jsonrpc "2.0" :id 8 :result
	  (:items
	   [(:label "__doc__" :kind 6 :data
		    (:workspacePath "/home/kevin/Desktop" :filePath "/home/kevin/Desktop/test.py" :position
				    (:line 6 :character 8)
				    :symbolLabel "__doc__")
		    :sortText "11.9999.__doc__")
	    (:label "__name__" :kind 6 :data
		    (:workspacePath "/home/kevin/Desktop" :filePath "/home/kevin/Desktop/test.py" :position
				    (:line 6 :character 8)
				    :symbolLabel "__name__")
		    :sortText "11.9999.__name__")
	    (:label "__qualname__" :kind 6 :data
		    (:workspacePath "/home/kevin/Desktop" :filePath "/home/kevin/Desktop/test.py" :position
				    (:line 6 :character 8)
				    :symbolLabel "__qualname__")
		    :sortText "11.9999.__qualname__")
	    (:label "__loader__" :kind 6 :data
		    (:workspacePath "/home/kevin/Desktop" :filePath "/home/kevin/Desktop/test.py" :position
				    (:line 6 :character 8)
				    :symbolLabel "__loader__")
		    :sortText "11.9999.__loader__")
	    (:label "__package__" :kind 6 :data
		    (:workspacePath "/home/kevin/Desktop" :filePath "/home/kevin/Desktop/test.py" :position
				    (:line 6 :character 8)
				    :symbolLabel "__package__")
		    :sortText "11.9999.__package__")
	    (:label "__spec__" :kind 6 :data
		    (:workspacePath "/home/kevin/Desktop" :filePath "/home/kevin/Desktop/test.py" :position
				    (:line 6 :character 8)
				    :symbolLabel "__spec__")
		    :sortText "11.9999.__spec__")
	    (:label "__path__" :kind 6 :data
		    (:workspacePath "/home/kevin/Desktop" :filePath "/home/kevin/Desktop/test.py" :position
				    (:line 6 :character 8)
				    :symbolLabel "__path__")
		    :sortText "11.9999.__path__")
	    (:label "__file__" :kind 6 :data
		    (:workspacePath "/home/kevin/Desktop" :filePath "/home/kevin/Desktop/test.py" :position
				    (:line 6 :character 8)
				    :symbolLabel "__file__")
		    :sortText "11.9999.__file__")
	    (:label "__cached__" :kind 6 :data
		    (:workspacePath "/home/kevin/Desktop" :filePath "/home/kevin/Desktop/test.py" :position
				    (:line 6 :character 8)
				    :symbolLabel "__cached__")
		    :sortText "11.9999.__cached__")
	    (:label "__dict__" :kind 6 :data
		    (:workspacePath "/home/kevin/Desktop" :filePath "/home/kevin/Desktop/test.py" :position
				    (:line 6 :character 8)
				    :symbolLabel "__dict__")
		    :sortText "11.9999.__dict__")
	    (:label "__annotations__" :kind 6 :data
		    (:workspacePath "/home/kevin/Desktop" :filePath "/home/kevin/Desktop/test.py" :position
				    (:line 6 :character 8)
				    :symbolLabel "__annotations__")
		    :sortText "11.9999.__annotations__")
	    (:label "__builtins__" :kind 6 :data
		    (:workspacePath "/home/kevin/Desktop" :filePath "/home/kevin/Desktop/test.py" :position
				    (:line 6 :character 8)
				    :symbolLabel "__builtins__")
		    :sortText "11.9999.__builtins__")
	    (:label "manage_plugins" :kind 9 :data
		    (:workspacePath "/home/kevin/Desktop" :filePath "/home/kevin/Desktop/test.py" :position
				    (:line 6 :character 8)
				    :symbolLabel "manage_plugins")
		    :sortText "09.9999.manage_plugins")
	    (:label "use_plugin" :kind 3 :data
		    (:workspacePath "/home/kevin/Desktop" :filePath "/home/kevin/Desktop/test.py" :position
				    (:line 6 :character 8)
				    :symbolLabel "use_plugin")
		    :sortText "09.9999.use_plugin")
	    (:label "call_plugin" :kind 3 :data
		    (:workspacePath "/home/kevin/Desktop" :filePath "/home/kevin/Desktop/test.py" :position
				    (:line 6 :character 8)
				    :symbolLabel "call_plugin")
		    :sortText "09.9999.call_plugin")
	    (:label "plugin_info" :kind 3 :data
		    (:workspacePath "/home/kevin/Desktop" :filePath "/home/kevin/Desktop/test.py" :position
				    (:line 6 :character 8)
				    :symbolLabel "plugin_info")
		    :sortText "09.9999.plugin_info")
	    (:label "plugin_order" :kind 3 :data
		    (:workspacePath "/home/kevin/Desktop" :filePath "/home/kevin/Desktop/test.py" :position
				    (:line 6 :character 8)
				    :symbolLabel "plugin_order")
		    :sortText "09.9999.plugin_order")
	    (:label "reset_plugins" :kind 3 :data
		    (:workspacePath "/home/kevin/Desktop" :filePath "/home/kevin/Desktop/test.py" :position
				    (:line 6 :character 8)
				    :symbolLabel "reset_plugins")
		    :sortText "09.9999.reset_plugins")
	    (:label "find_available_plugins" :kind 3 :data
		    (:workspacePath "/home/kevin/Desktop" :filePath "/home/kevin/Desktop/test.py" :position
				    (:line 6 :character 8)
				    :symbolLabel "find_available_plugins")
		    :sortText "09.9999.find_available_plugins")
	    (:label "available_plugins" :kind 6 :data
		    (:workspacePath "/home/kevin/Desktop" :filePath "/home/kevin/Desktop/test.py" :position
				    (:line 6 :character 8)
				    :symbolLabel "available_plugins")
		    :sortText "09.9999.available_plugins")
	    (:label "sift" :kind 9 :data
		    (:workspacePath "/home/kevin/Desktop" :filePath "/home/kevin/Desktop/test.py" :position
				    (:line 6 :character 8)
				    :symbolLabel "sift")
		    :sortText "09.9999.sift")
	    (:label "load_sift" :kind 3 :data
		    (:workspacePath "/home/kevin/Desktop" :filePath "/home/kevin/Desktop/test.py" :position
				    (:line 6 :character 8)
				    :symbolLabel "load_sift")
		    :sortText "09.9999.load_sift")
	    (:label "load_surf" :kind 3 :data
		    (:workspacePath "/home/kevin/Desktop" :filePath "/home/kevin/Desktop/test.py" :position
				    (:line 6 :character 8)
				    :symbolLabel "load_surf")
		    :sortText "09.9999.load_surf")
	    (:label "collection" :kind 9 :data
		    (:workspacePath "/home/kevin/Desktop" :filePath "/home/kevin/Desktop/test.py" :position
				    (:line 6 :character 8)
				    :symbolLabel "collection")
		    :sortText "09.9999.collection")
	    (:label "MultiImage" :kind 7 :data
		    (:workspacePath "/home/kevin/Desktop" :filePath "/home/kevin/Desktop/test.py" :position
				    (:line 6 :character 8)
				    :symbolLabel "MultiImage")
		    :sortText "09.9999.MultiImage")
	    (:label "ImageCollection" :kind 7 :data
		    (:workspacePath "/home/kevin/Desktop" :filePath "/home/kevin/Desktop/test.py" :position
				    (:line 6 :character 8)
				    :symbolLabel "ImageCollection")
		    :sortText "09.9999.ImageCollection")
	    (:label "concatenate_images" :kind 3 :data
		    (:workspacePath "/home/kevin/Desktop" :filePath "/home/kevin/Desktop/test.py" :position
				    (:line 6 :character 8)
				    :symbolLabel "concatenate_images")
		    :sortText "09.9999.concatenate_images")
	    (:label "imread_collection_wrapper" :kind 3 :data
		    (:workspacePath "/home/kevin/Desktop" :filePath "/home/kevin/Desktop/test.py" :position
				    (:line 6 :character 8)
				    :symbolLabel "imread_collection_wrapper")
		    :sortText "09.9999.imread_collection_wrapper")
	    (:label "_io" :kind 9 :data
		    (:workspacePath "/home/kevin/Desktop" :filePath "/home/kevin/Desktop/test.py" :position
				    (:line 6 :character 8)
				    :symbolLabel "_io")
		    :sortText "10.9999._io")
	    (:label "imread" :kind 3 :data
		    (:workspacePath "/home/kevin/Desktop" :filePath "/home/kevin/Desktop/test.py" :position
				    (:line 6 :character 8)
				    :symbolLabel "imread")
		    :sortText "09.9999.imread")
	    (:label "imsave" :kind 3 :data
		    (:workspacePath "/home/kevin/Desktop" :filePath "/home/kevin/Desktop/test.py" :position
				    (:line 6 :character 8)
				    :symbolLabel "imsave")
		    :sortText "09.9999.imsave")
	    (:label "imshow" :kind 3 :data
		    (:workspacePath "/home/kevin/Desktop" :filePath "/home/kevin/Desktop/test.py" :position
				    (:line 6 :character 8)
				    :symbolLabel "imshow")
		    :sortText "09.9999.imshow")
	    (:label "show" :kind 3 :data
		    (:workspacePath "/home/kevin/Desktop" :filePath "/home/kevin/Desktop/test.py" :position
				    (:line 6 :character 8)
				    :symbolLabel "show")
		    :sortText "09.9999.show")
	    (:label "imread_collection" :kind 3 :data
		    (:workspacePath "/home/kevin/Desktop" :filePath "/home/kevin/Desktop/test.py" :position
				    (:line 6 :character 8)
				    :symbolLabel "imread_collection")
		    :sortText "09.9999.imread_collection")
	    (:label "imshow_collection" :kind 3 :data
		    (:workspacePath "/home/kevin/Desktop" :filePath "/home/kevin/Desktop/test.py" :position
				    (:line 6 :character 8)
				    :symbolLabel "imshow_collection")
		    :sortText "09.9999.imshow_collection")
	    (:label "_image_stack" :kind 9 :data
		    (:workspacePath "/home/kevin/Desktop" :filePath "/home/kevin/Desktop/test.py" :position
				    (:line 6 :character 8)
				    :symbolLabel "_image_stack")
		    :sortText "10.9999._image_stack")
	    (:label "image_stack" :kind 6 :data
		    (:workspacePath "/home/kevin/Desktop" :filePath "/home/kevin/Desktop/test.py" :position
				    (:line 6 :character 8)
				    :symbolLabel "image_stack")
		    :sortText "09.9999.image_stack")
	    (:label "push" :kind 3 :data
		    (:workspacePath "/home/kevin/Desktop" :filePath "/home/kevin/Desktop/test.py" :position
				    (:line 6 :character 8)
				    :symbolLabel "push")
		    :sortText "09.9999.push")
	    (:label "pop" :kind 3 :data
		    (:workspacePath "/home/kevin/Desktop" :filePath "/home/kevin/Desktop/test.py" :position
				    (:line 6 :character 8)
				    :symbolLabel "pop")
		    :sortText "09.9999.pop")
	    (:label "WRAP_LEN" :kind 21 :data
		    (:workspacePath "/home/kevin/Desktop" :filePath "/home/kevin/Desktop/test.py" :position
				    (:line 6 :character 8)
				    :symbolLabel "WRAP_LEN")
		    :sortText "09.9999.WRAP_LEN")]
	   :isIncomplete t))
[client-request] (id:9) Sat May 21 11:50:36 2022:
(:jsonrpc "2.0" :id 9 :method "completionItem/resolve" :params
	  (:label
	   #("ImageCollection" 0 1
	     (eglot--lsp-item #1))
	   :kind 7 :data
	   (:workspacePath "/home/kevin/Desktop" :filePath "/home/kevin/Desktop/test.py" :position
			   (:line 6 :character 8)
			   :symbolLabel "ImageCollection")
	   :sortText "09.9999.ImageCollection"))
[server-reply] (id:9) Sat May 21 11:50:36 2022:
(:jsonrpc "2.0" :id 9 :result
	  (:label "ImageCollection" :kind 7 :data
		  (:workspacePath "/home/kevin/Desktop" :filePath "/home/kevin/Desktop/test.py" :position
				  (:line 6 :character 8)
				  :symbolLabel "ImageCollection")
		  :sortText "09.9999.ImageCollection" :documentation
		  (:kind "plaintext" :value "class ImageCollection()\n\nLoad and manage a collection of")))
[server-notification] Sat May 21 11:50:37 2022:
(:jsonrpc "2.0" :method "textDocument/publishDiagnostics" :params
	  (:uri "file:///home/kevin/Desktop/test.py" :version 7 :diagnostics
		[(:range
		  (:start
		   (:line 6 :character 7)
		   :end
		   (:line 6 :character 8))
		  :message "Expected member name after \".\"" :severity 1 :source "Pyright")
		 (:range
		  (:start
		   (:line 10 :character 4)
		   :end
		   (:line 10 :character 16))
		  :message "Argument missing for parameter \"fname\"" :severity 1 :code "reportGeneralTypeIssues" :source "Pyright" :codeDescription
		  (:href "https://github.com/microsoft/pyright/blob/main/docs/configuration.md"))
		 (:range
		  (:start
		   (:line 11 :character 4)
		   :end
		   (:line 11 :character 6))
		  :message "\"nn\" is not defined" :severity 1 :code "reportUndefinedVariable" :source "Pyright" :codeDescription
		  (:href "https://github.com/microsoft/pyright/blob/main/docs/configuration.md"))
		 (:range
		  (:start
		   (:line 0 :character 18)
		   :end
		   (:line 0 :character 22))
		  :message "\"gdal\" is not accessed" :severity 4 :source "Pyright" :tags
		  [1])]))
[client-request] (id:10) Sat May 21 11:50:37 2022:
(:jsonrpc "2.0" :id 10 :method "textDocument/signatureHelp" :params
	  (:textDocument
	   (:uri "file:///home/kevin/Desktop/test.py")
	   :position
	   (:line 6 :character 8)))
[client-request] (id:11) Sat May 21 11:50:37 2022:
(:jsonrpc "2.0" :id 11 :method "textDocument/hover" :params
	  (:textDocument
	   (:uri "file:///home/kevin/Desktop/test.py")
	   :position
	   (:line 6 :character 8)))
[client-request] (id:12) Sat May 21 11:50:37 2022:
(:jsonrpc "2.0" :id 12 :method "textDocument/documentHighlight" :params
	  (:textDocument
	   (:uri "file:///home/kevin/Desktop/test.py")
	   :position
	   (:line 6 :character 8)))
[server-reply] (id:10) Sat May 21 11:50:37 2022:
(:jsonrpc "2.0" :id 10 :result nil)
[server-reply] (id:11) Sat May 21 11:50:37 2022:
(:jsonrpc "2.0" :id 11 :result nil)
[server-reply] (id:12) Sat May 21 11:50:37 2022:
(:jsonrpc "2.0" :id 12 :result nil)
[client-notification] Sat May 21 11:50:37 2022:
(:jsonrpc "2.0" :method "textDocument/didChange" :params
	  (:textDocument
	   (:uri "file:///home/kevin/Desktop/test.py" :version 8)
	   :contentChanges
	   [(:range
	     (:start
	      (:line 6 :character 8)
	      :end
	      (:line 6 :character 8))
	     :rangeLength 0 :text "i")]))
[client-request] (id:13) Sat May 21 11:50:37 2022:
(:jsonrpc "2.0" :id 13 :method "textDocument/completion" :params
	  (:textDocument
	   (:uri "file:///home/kevin/Desktop/test.py")
	   :position
	   (:line 6 :character 9)
	   :context
	   (:triggerKind 1)))
[server-reply] (id:13) Sat May 21 11:50:37 2022:
(:jsonrpc "2.0" :id 13 :result
	  (:items
	   [(:label "__file__" :kind 6 :data
		    (:workspacePath "/home/kevin/Desktop" :filePath "/home/kevin/Desktop/test.py" :position
				    (:line 6 :character 9)
				    :symbolLabel "__file__")
		    :sortText "11.9999.__file__")
	    (:label "__dict__" :kind 6 :data
		    (:workspacePath "/home/kevin/Desktop" :filePath "/home/kevin/Desktop/test.py" :position
				    (:line 6 :character 9)
				    :symbolLabel "__dict__")
		    :sortText "11.9999.__dict__")
	    (:label "__annotations__" :kind 6 :data
		    (:workspacePath "/home/kevin/Desktop" :filePath "/home/kevin/Desktop/test.py" :position
				    (:line 6 :character 9)
				    :symbolLabel "__annotations__")
		    :sortText "11.9999.__annotations__")
	    (:label "__builtins__" :kind 6 :data
		    (:workspacePath "/home/kevin/Desktop" :filePath "/home/kevin/Desktop/test.py" :position
				    (:line 6 :character 9)
				    :symbolLabel "__builtins__")
		    :sortText "11.9999.__builtins__")
	    (:label "manage_plugins" :kind 9 :data
		    (:workspacePath "/home/kevin/Desktop" :filePath "/home/kevin/Desktop/test.py" :position
				    (:line 6 :character 9)
				    :symbolLabel "manage_plugins")
		    :sortText "09.9999.manage_plugins")
	    (:label "use_plugin" :kind 3 :data
		    (:workspacePath "/home/kevin/Desktop" :filePath "/home/kevin/Desktop/test.py" :position
				    (:line 6 :character 9)
				    :symbolLabel "use_plugin")
		    :sortText "09.9999.use_plugin")
	    (:label "call_plugin" :kind 3 :data
		    (:workspacePath "/home/kevin/Desktop" :filePath "/home/kevin/Desktop/test.py" :position
				    (:line 6 :character 9)
				    :symbolLabel "call_plugin")
		    :sortText "09.9999.call_plugin")
	    (:label "plugin_info" :kind 3 :data
		    (:workspacePath "/home/kevin/Desktop" :filePath "/home/kevin/Desktop/test.py" :position
				    (:line 6 :character 9)
				    :symbolLabel "plugin_info")
		    :sortText "09.9999.plugin_info")
	    (:label "plugin_order" :kind 3 :data
		    (:workspacePath "/home/kevin/Desktop" :filePath "/home/kevin/Desktop/test.py" :position
				    (:line 6 :character 9)
				    :symbolLabel "plugin_order")
		    :sortText "09.9999.plugin_order")
	    (:label "reset_plugins" :kind 3 :data
		    (:workspacePath "/home/kevin/Desktop" :filePath "/home/kevin/Desktop/test.py" :position
				    (:line 6 :character 9)
				    :symbolLabel "reset_plugins")
		    :sortText "09.9999.reset_plugins")
	    (:label "find_available_plugins" :kind 3 :data
		    (:workspacePath "/home/kevin/Desktop" :filePath "/home/kevin/Desktop/test.py" :position
				    (:line 6 :character 9)
				    :symbolLabel "find_available_plugins")
		    :sortText "09.9999.find_available_plugins")
	    (:label "available_plugins" :kind 6 :data
		    (:workspacePath "/home/kevin/Desktop" :filePath "/home/kevin/Desktop/test.py" :position
				    (:line 6 :character 9)
				    :symbolLabel "available_plugins")
		    :sortText "09.9999.available_plugins")
	    (:label "sift" :kind 9 :data
		    (:workspacePath "/home/kevin/Desktop" :filePath "/home/kevin/Desktop/test.py" :position
				    (:line 6 :character 9)
				    :symbolLabel "sift")
		    :sortText "09.9999.sift")
	    (:label "load_sift" :kind 3 :data
		    (:workspacePath "/home/kevin/Desktop" :filePath "/home/kevin/Desktop/test.py" :position
				    (:line 6 :character 9)
				    :symbolLabel "load_sift")
		    :sortText "09.9999.load_sift")
	    (:label "collection" :kind 9 :data
		    (:workspacePath "/home/kevin/Desktop" :filePath "/home/kevin/Desktop/test.py" :position
				    (:line 6 :character 9)
				    :symbolLabel "collection")
		    :sortText "09.9999.collection")
	    (:label "MultiImage" :kind 7 :data
		    (:workspacePath "/home/kevin/Desktop" :filePath "/home/kevin/Desktop/test.py" :position
				    (:line 6 :character 9)
				    :symbolLabel "MultiImage")
		    :sortText "09.9999.MultiImage")
	    (:label "ImageCollection" :kind 7 :data
		    (:workspacePath "/home/kevin/Desktop" :filePath "/home/kevin/Desktop/test.py" :position
				    (:line 6 :character 9)
				    :symbolLabel "ImageCollection")
		    :sortText "05.0000.ImageCollection")
	    (:label "concatenate_images" :kind 3 :data
		    (:workspacePath "/home/kevin/Desktop" :filePath "/home/kevin/Desktop/test.py" :position
				    (:line 6 :character 9)
				    :symbolLabel "concatenate_images")
		    :sortText "09.9999.concatenate_images")
	    (:label "imread_collection_wrapper" :kind 3 :data
		    (:workspacePath "/home/kevin/Desktop" :filePath "/home/kevin/Desktop/test.py" :position
				    (:line 6 :character 9)
				    :symbolLabel "imread_collection_wrapper")
		    :sortText "09.9999.imread_collection_wrapper")
	    (:label "_io" :kind 9 :data
		    (:workspacePath "/home/kevin/Desktop" :filePath "/home/kevin/Desktop/test.py" :position
				    (:line 6 :character 9)
				    :symbolLabel "_io")
		    :sortText "09.9999._io")
	    (:label "imread" :kind 3 :data
		    (:workspacePath "/home/kevin/Desktop" :filePath "/home/kevin/Desktop/test.py" :position
				    (:line 6 :character 9)
				    :symbolLabel "imread")
		    :sortText "09.9999.imread")
	    (:label "imsave" :kind 3 :data
		    (:workspacePath "/home/kevin/Desktop" :filePath "/home/kevin/Desktop/test.py" :position
				    (:line 6 :character 9)
				    :symbolLabel "imsave")
		    :sortText "09.9999.imsave")
	    (:label "imshow" :kind 3 :data
		    (:workspacePath "/home/kevin/Desktop" :filePath "/home/kevin/Desktop/test.py" :position
				    (:line 6 :character 9)
				    :symbolLabel "imshow")
		    :sortText "09.9999.imshow")
	    (:label "imread_collection" :kind 3 :data
		    (:workspacePath "/home/kevin/Desktop" :filePath "/home/kevin/Desktop/test.py" :position
				    (:line 6 :character 9)
				    :symbolLabel "imread_collection")
		    :sortText "09.9999.imread_collection")
	    (:label "imshow_collection" :kind 3 :data
		    (:workspacePath "/home/kevin/Desktop" :filePath "/home/kevin/Desktop/test.py" :position
				    (:line 6 :character 9)
				    :symbolLabel "imshow_collection")
		    :sortText "09.9999.imshow_collection")
	    (:label "_image_stack" :kind 9 :data
		    (:workspacePath "/home/kevin/Desktop" :filePath "/home/kevin/Desktop/test.py" :position
				    (:line 6 :character 9)
				    :symbolLabel "_image_stack")
		    :sortText "09.9999._image_stack")
	    (:label "image_stack" :kind 6 :data
		    (:workspacePath "/home/kevin/Desktop" :filePath "/home/kevin/Desktop/test.py" :position
				    (:line 6 :character 9)
				    :symbolLabel "image_stack")
		    :sortText "09.9999.image_stack")]
	   :isIncomplete t))
[client-request] (id:14) Sat May 21 11:50:37 2022:
(:jsonrpc "2.0" :id 14 :method "completionItem/resolve" :params
	  (:label
	   #("_io" 0 1
	     (eglot--lsp-item #1))
	   :kind 9 :data
	   (:workspacePath "/home/kevin/Desktop" :filePath "/home/kevin/Desktop/test.py" :position
			   (:line 6 :character 9)
			   :symbolLabel "_io")
	   :sortText "09.9999._io"))
[server-reply] (id:14) Sat May 21 11:50:37 2022:
(:jsonrpc "2.0" :id 14 :result
	  (:label "_io" :kind 9 :data
		  (:workspacePath "/home/kevin/Desktop" :filePath "/home/kevin/Desktop/test.py" :position
				  (:line 6 :character 9)
				  :symbolLabel "_io")
		  :sortText "09.9999._io" :documentation
		  (:kind "plaintext" :value "_io\n\nThis type stub file was generated by pyright.")))
[client-notification] Sat May 21 11:50:37 2022:
(:jsonrpc "2.0" :method "textDocument/didChange" :params
	  (:textDocument
	   (:uri "file:///home/kevin/Desktop/test.py" :version 9)
	   :contentChanges
	   [(:range
	     (:start
	      (:line 6 :character 9)
	      :end
	      (:line 6 :character 9))
	     :rangeLength 0 :text "m")]))
[client-request] (id:15) Sat May 21 11:50:37 2022:
(:jsonrpc "2.0" :id 15 :method "textDocument/completion" :params
	  (:textDocument
	   (:uri "file:///home/kevin/Desktop/test.py")
	   :position
	   (:line 6 :character 10)
	   :context
	   (:triggerKind 1)))
[server-reply] (id:15) Sat May 21 11:50:37 2022:
(:jsonrpc "2.0" :id 15 :result
	  (:items
	   [(:label "MultiImage" :kind 7 :data
		    (:workspacePath "/home/kevin/Desktop" :filePath "/home/kevin/Desktop/test.py" :position
				    (:line 6 :character 10)
				    :symbolLabel "MultiImage")
		    :sortText "09.9999.MultiImage")
	    (:label "ImageCollection" :kind 7 :data
		    (:workspacePath "/home/kevin/Desktop" :filePath "/home/kevin/Desktop/test.py" :position
				    (:line 6 :character 10)
				    :symbolLabel "ImageCollection")
		    :sortText "05.0001.ImageCollection")
	    (:label "concatenate_images" :kind 3 :data
		    (:workspacePath "/home/kevin/Desktop" :filePath "/home/kevin/Desktop/test.py" :position
				    (:line 6 :character 10)
				    :symbolLabel "concatenate_images")
		    :sortText "09.9999.concatenate_images")
	    (:label "imread_collection_wrapper" :kind 3 :data
		    (:workspacePath "/home/kevin/Desktop" :filePath "/home/kevin/Desktop/test.py" :position
				    (:line 6 :character 10)
				    :symbolLabel "imread_collection_wrapper")
		    :sortText "09.9999.imread_collection_wrapper")
	    (:label "imread" :kind 3 :data
		    (:workspacePath "/home/kevin/Desktop" :filePath "/home/kevin/Desktop/test.py" :position
				    (:line 6 :character 10)
				    :symbolLabel "imread")
		    :sortText "09.9999.imread")
	    (:label "imsave" :kind 3 :data
		    (:workspacePath "/home/kevin/Desktop" :filePath "/home/kevin/Desktop/test.py" :position
				    (:line 6 :character 10)
				    :symbolLabel "imsave")
		    :sortText "09.9999.imsave")
	    (:label "imshow" :kind 3 :data
		    (:workspacePath "/home/kevin/Desktop" :filePath "/home/kevin/Desktop/test.py" :position
				    (:line 6 :character 10)
				    :symbolLabel "imshow")
		    :sortText "09.9999.imshow")
	    (:label "imread_collection" :kind 3 :data
		    (:workspacePath "/home/kevin/Desktop" :filePath "/home/kevin/Desktop/test.py" :position
				    (:line 6 :character 10)
				    :symbolLabel "imread_collection")
		    :sortText "09.9999.imread_collection")
	    (:label "imshow_collection" :kind 3 :data
		    (:workspacePath "/home/kevin/Desktop" :filePath "/home/kevin/Desktop/test.py" :position
				    (:line 6 :character 10)
				    :symbolLabel "imshow_collection")
		    :sortText "09.9999.imshow_collection")
	    (:label "_image_stack" :kind 9 :data
		    (:workspacePath "/home/kevin/Desktop" :filePath "/home/kevin/Desktop/test.py" :position
				    (:line 6 :character 10)
				    :symbolLabel "_image_stack")
		    :sortText "09.9999._image_stack")
	    (:label "image_stack" :kind 6 :data
		    (:workspacePath "/home/kevin/Desktop" :filePath "/home/kevin/Desktop/test.py" :position
				    (:line 6 :character 10)
				    :symbolLabel "image_stack")
		    :sortText "09.9999.image_stack")]
	   :isIncomplete t))
[client-request] (id:16) Sat May 21 11:50:37 2022:
(:jsonrpc "2.0" :id 16 :method "completionItem/resolve" :params
	  (:label
	   #("imread" 0 1
	     (eglot--lsp-item #1))
	   :kind 3 :data
	   (:workspacePath "/home/kevin/Desktop" :filePath "/home/kevin/Desktop/test.py" :position
			   (:line 6 :character 10)
			   :symbolLabel "imread")
	   :sortText "09.9999.imread"))
[server-reply] (id:16) Sat May 21 11:50:37 2022:
(:jsonrpc "2.0" :id 16 :result
	  (:label "imread" :kind 3 :data
		  (:workspacePath "/home/kevin/Desktop" :filePath "/home/kevin/Desktop/test.py" :position
				  (:line 6 :character 10)
				  :symbolLabel "imread")
		  :sortText "09.9999.imread" :documentation
		  (:kind "plaintext" :value "imread: (fname: Unknown, as_gray: ... = ..., plugin: ... = ..., **plugin_args: Unknown) -> Unknown\n\nLoad an image from file.\n\nPa")))
[server-notification] Sat May 21 11:50:37 2022:
(:jsonrpc "2.0" :method "textDocument/publishDiagnostics" :params
	  (:uri "file:///home/kevin/Desktop/test.py" :version 9 :diagnostics
		[(:range
		  (:start
		   (:line 6 :character 8)
		   :end
		   (:line 6 :character 10))
		  :message "\"im\" is not a known member of module" :severity 1 :code "reportGeneralTypeIssues" :source "Pyright" :codeDescription
		  (:href "https://github.com/microsoft/pyright/blob/main/docs/configuration.md"))
		 (:range
		  (:start
		   (:line 10 :character 4)
		   :end
		   (:line 10 :character 16))
		  :message "Argument missing for parameter \"fname\"" :severity 1 :code "reportGeneralTypeIssues" :source "Pyright" :codeDescription
		  (:href "https://github.com/microsoft/pyright/blob/main/docs/configuration.md"))
		 (:range
		  (:start
		   (:line 11 :character 4)
		   :end
		   (:line 11 :character 6))
		  :message "\"nn\" is not defined" :severity 1 :code "reportUndefinedVariable" :source "Pyright" :codeDescription
		  (:href "https://github.com/microsoft/pyright/blob/main/docs/configuration.md"))
		 (:range
		  (:start
		   (:line 0 :character 18)
		   :end
		   (:line 0 :character 22))
		  :message "\"gdal\" is not accessed" :severity 4 :source "Pyright" :tags
		  [1])]))
[client-request] (id:17) Sat May 21 11:50:38 2022:
(:jsonrpc "2.0" :id 17 :method "textDocument/signatureHelp" :params
	  (:textDocument
	   (:uri "file:///home/kevin/Desktop/test.py")
	   :position
	   (:line 6 :character 10)))
[client-request] (id:18) Sat May 21 11:50:38 2022:
(:jsonrpc "2.0" :id 18 :method "textDocument/hover" :params
	  (:textDocument
	   (:uri "file:///home/kevin/Desktop/test.py")
	   :position
	   (:line 6 :character 10)))
[client-request] (id:19) Sat May 21 11:50:38 2022:
(:jsonrpc "2.0" :id 19 :method "textDocument/documentHighlight" :params
	  (:textDocument
	   (:uri "file:///home/kevin/Desktop/test.py")
	   :position
	   (:line 6 :character 10)))
[server-reply] (id:17) Sat May 21 11:50:38 2022:
(:jsonrpc "2.0" :id 17 :result nil)
[server-reply] (id:18) Sat May 21 11:50:38 2022:
(:jsonrpc "2.0" :id 18 :result
	  (:contents
	   (:kind "plaintext" :value "im: Unknown")
	   :range
	   (:start
	    (:line 6 :character 8)
	    :end
	    (:line 6 :character 10))))
[server-reply] (id:19) Sat May 21 11:50:38 2022:
(:jsonrpc "2.0" :id 19 :result
	  [(:kind 2 :range
		  (:start
		   (:line 6 :character 8)
		   :end
		   (:line 6 :character 10)))])
[client-notification] Sat May 21 11:50:38 2022:
(:jsonrpc "2.0" :method "textDocument/didChange" :params
	  (:textDocument
	   (:uri "file:///home/kevin/Desktop/test.py" :version 11)
	   :contentChanges
	   [(:range
	     (:start
	      (:line 6 :character 8)
	      :end
	      (:line 6 :character 10))
	     :rangeLength 2 :text "")
	    (:range
	     (:start
	      (:line 6 :character 8)
	      :end
	      (:line 6 :character 8))
	     :rangeLength 0 :text "imread")]))
[client-request] (id:20) Sat May 21 11:50:38 2022:
(:jsonrpc "2.0" :id 20 :method "textDocument/signatureHelp" :params
	  (:textDocument
	   (:uri "file:///home/kevin/Desktop/test.py")
	   :position
	   (:line 6 :character 14)))
[client-request] (id:21) Sat May 21 11:50:38 2022:
(:jsonrpc "2.0" :id 21 :method "textDocument/hover" :params
	  (:textDocument
	   (:uri "file:///home/kevin/Desktop/test.py")
	   :position
	   (:line 6 :character 14)))
[client-request] (id:22) Sat May 21 11:50:38 2022:
(:jsonrpc "2.0" :id 22 :method "textDocument/documentHighlight" :params
	  (:textDocument
	   (:uri "file:///home/kevin/Desktop/test.py")
	   :position
	   (:line 6 :character 14)))
[server-reply] (id:20) Sat May 21 11:50:38 2022:
(:jsonrpc "2.0" :id 20 :result nil)
[server-reply] (id:21) Sat May 21 11:50:38 2022:
(:jsonrpc "2.0" :id 21 :result
	  (:contents
	   (:kind "plaintext" :value "(function) imread: (fname: Unknown, as_gray: ... = ..., plugin: ... = ..., **plugin_args: Unknown) -> Unknown\n\nLoad an image from file.\n\nPa")
	   :range
	   (:start
	    (:line 6 :character 8)
	    :end
	    (:line 6 :character 14))))
[server-reply] (id:22) Sat May 21 11:50:38 2022:
(:jsonrpc "2.0" :id 22 :result
	  [(:kind 2 :range
		  (:start
		   (:line 6 :character 8)
		   :end
		   (:line 6 :character 14)))
	   (:kind 2 :range
		  (:start
		   (:line 10 :character 8)
		   :end
		   (:line 10 :character 14)))])
[server-notification] Sat May 21 11:50:38 2022:
(:jsonrpc "2.0" :method "textDocument/publishDiagnostics" :params
	  (:uri "file:///home/kevin/Desktop/test.py" :version 11 :diagnostics
		[(:range
		  (:start
		   (:line 10 :character 4)
		   :end
		   (:line 10 :character 16))
		  :message "Argument missing for parameter \"fname\"" :severity 1 :code "reportGeneralTypeIssues" :source "Pyright" :codeDescription
		  (:href "https://github.com/microsoft/pyright/blob/main/docs/configuration.md"))
		 (:range
		  (:start
		   (:line 11 :character 4)
		   :end
		   (:line 11 :character 6))
		  :message "\"nn\" is not defined" :severity 1 :code "reportUndefinedVariable" :source "Pyright" :codeDescription
		  (:href "https://github.com/microsoft/pyright/blob/main/docs/configuration.md"))
		 (:range
		  (:start
		   (:line 0 :character 18)
		   :end
		   (:line 0 :character 22))
		  :message "\"gdal\" is not accessed" :severity 4 :source "Pyright" :tags
		  [1])]))
[client-request] (id:23) Sat May 21 11:50:39 2022:
(:jsonrpc "2.0" :id 23 :method "textDocument/signatureHelp" :params
	  (:textDocument
	   (:uri "file:///home/kevin/Desktop/test.py")
	   :position
	   (:line 6 :character 14)))
[client-request] (id:24) Sat May 21 11:50:39 2022:
(:jsonrpc "2.0" :id 24 :method "textDocument/hover" :params
	  (:textDocument
	   (:uri "file:///home/kevin/Desktop/test.py")
	   :position
	   (:line 6 :character 14)))
[client-request] (id:25) Sat May 21 11:50:39 2022:
(:jsonrpc "2.0" :id 25 :method "textDocument/documentHighlight" :params
	  (:textDocument
	   (:uri "file:///home/kevin/Desktop/test.py")
	   :position
	   (:line 6 :character 14)))
[server-reply] (id:23) Sat May 21 11:50:39 2022:
(:jsonrpc "2.0" :id 23 :result nil)
[server-reply] (id:24) Sat May 21 11:50:39 2022:
(:jsonrpc "2.0" :id 24 :result
	  (:contents
	   (:kind "plaintext" :value "(function) imread: (fname: Unknown, as_gray: ... = ..., plugin: ... = ..., **plugin_args: Unknown) -> Unknown\n\nLoad an image from file.\n\nPa")
	   :range
	   (:start
	    (:line 6 :character 8)
	    :end
	    (:line 6 :character 14))))
[server-reply] (id:25) Sat May 21 11:50:39 2022:
(:jsonrpc "2.0" :id 25 :result
	  [(:kind 2 :range
		  (:start
		   (:line 6 :character 8)
		   :end
		   (:line 6 :character 14)))
	   (:kind 2 :range
		  (:start
		   (:line 10 :character 8)
		   :end
		   (:line 10 :character 14)))])
[internal] (id:5) Sat May 21 11:50:45 2022:
(:timed-out :textDocument/signatureHelp :id 5 :params
	    (:textDocument
	     (:uri "file:///home/kevin/Desktop/test.py")
	     :position
	     (:line 6 :character 0)))
[internal] (id:6) Sat May 21 11:50:45 2022:
(:timed-out :textDocument/hover :id 6 :params
	    (:textDocument
	     (:uri "file:///home/kevin/Desktop/test.py")
	     :position
	     (:line 6 :character 0)))
[internal] (id:7) Sat May 21 11:50:45 2022:
(:timed-out :textDocument/documentHighlight :id 7 :params
	    (:textDocument
	     (:uri "file:///home/kevin/Desktop/test.py")
	     :position
	     (:line 6 :character 0)))
